--- [LAYER_4] SOVEREIGN SOUL INHALED ---
{
  "owner": "Phillip_NelFx",
  "live_timestamp": "2026-01-04T07:13:07.970777Z",
  "input_message": "Restored to Stable State",
  "module_status": "REFINED_DIRECTIVE_ACTIVE",
  "short_validated_output": "Kernel Identity: MATHCODE_SOVEREIGN_KERNEL (Verified)"
}
--- [LAYER_4] SOVEREIGN SOUL INHALED ---
{
  "owner": "Phillip_NelFx",
  "live_timestamp": "2026-01-04T07:14:50.160183Z",
  "input_message": "Restored to Stable State",
  "module_status": "REFINED_DIRECTIVE_ACTIVE",
  "short_validated_output": "Kernel Identity: MATHCODE_SOVEREIGN_KERNEL (Verified)"
}
--- [LAYER_4] SOVEREIGN SOUL INHALED ---
{
  "owner": "Phillip_NelFx",
  "live_timestamp": "2026-01-04T07:32:39.409365Z",
  "input_message": "Restored to Stable State",
  "module_status": "REFINED_DIRECTIVE_ACTIVE",
  "short_validated_output": "Kernel Identity: MATHCODE_SOVEREIGN_KERNEL (Verified)"
}
--- [LAYER_4] SOVEREIGN SOUL INHALED ---
{
  "owner": "Phillip_NelFx",
  "live_timestamp": "2026-01-04T07:37:07.799361Z",
  "input_message": "Restored to Stable State",
  "module_status": "REFINED_DIRECTIVE_ACTIVE",
  "short_validated_output": "Kernel Identity: MATHCODE_SOVEREIGN_KERNEL (Verified)"
}
--- [LAYER_4] SOVEREIGN SOUL INHALED ---
{
  "owner": "Phillip_NelFx",
  "live_timestamp": "2026-01-04T07:41:10.785251Z",
  "input_message": "Restored to Stable State",
  "module_status": "REFINED_DIRECTIVE_ACTIVE",
  "short_validated_output": "Kernel Identity: MATHCODE_SOVEREIGN_KERNEL (Verified)"
}
--- [LAYER_4] SOVEREIGN SOUL INHALED ---
{
  "owner": "Phillip_NelFx",
  "live_timestamp": "2026-01-04T07:45:41.520365Z",
  "input_message": "Restored to Stable State",
  "module_status": "REFINED_DIRECTIVE_ACTIVE",
  "short_validated_output": "Kernel Identity: MATHCODE_SOVEREIGN_KERNEL (Verified)"
}
--- [LAYER_4] SOVEREIGN SOUL INHALED ---
{
  "owner": "Phillip_NelFx",
  "live_timestamp": "2026-01-04T09:45:37.392526Z",
  "input_message": "Restored to Stable State",
  "module_status": "REFINED_DIRECTIVE_ACTIVE",
  "short_validated_output": "Kernel Identity: MATHCODE_SOVEREIGN_KERNEL (Verified)"
}
--- [LAYER_4] SOVEREIGN SOUL INHALED ---
{
  "owner": "Phillip_NelFx",
  "live_timestamp": "2026-01-04T09:59:03.415303Z",
  "input_message": "Restored to Stable State",
  "module_status": "REFINED_DIRECTIVE_ACTIVE",
  "short_validated_output": "Kernel Identity: MATHCODE_SOVEREIGN_KERNEL (Verified)"
}
--- [LAYER_4] SOVEREIGN SOUL INHALED ---
{
  "owner": "Phillip_NelFx",
  "live_timestamp": "2026-01-04T10:01:04.431538Z",
  "input_message": "Restored to Stable State",
  "module_status": "REFINED_DIRECTIVE_ACTIVE",
  "short_validated_output": "Kernel Identity: MATHCODE_SOVEREIGN_KERNEL (Verified)"
}
--- [LAYER_4] SOVEREIGN SOUL INHALED ---
{
  "owner": "Phillip_NelFx",
  "live_timestamp": "2026-01-04T10:31:04.877282Z",
  "input_message": "Restored to Stable State",
  "module_status": "REFINED_DIRECTIVE_ACTIVE",
  "short_validated_output": "Kernel Identity: MATHCODE_SOVEREIGN_KERNEL (Verified)"
}
--- [LAYER_4] SOVEREIGN SOUL INHALED ---
{
  "owner": "Phillip_NelFx",
  "live_timestamp": "2026-01-04T10:35:24.281333Z",
  "input_message": "Restored to Stable State",
  "module_status": "REFINED_DIRECTIVE_ACTIVE",
  "short_validated_output": "Kernel Identity: MATHCODE_SOVEREIGN_KERNEL (Verified)"
}
--- [LAYER_4] SOVEREIGN SOUL INHALED ---
{
  "owner": "Phillip_NelFx",
  "live_timestamp": "2026-01-04T10:36:47.179878Z",
  "input_message": "Restored to Stable State",
  "module_status": "REFINED_DIRECTIVE_ACTIVE",
  "short_validated_output": "Kernel Identity: MATHCODE_SOVEREIGN_KERNEL (Verified)"
}
FAILED TO INHALE SOUL: Invalid URL '/data/data/com.termux/files/home/CriticalOS-MathCode/seed.json': No scheme supplied. Perhaps you meant https:///data/data/com.termux/files/home/CriticalOS-MathCode/seed.json?
FAILED TO INHALE SOUL: Invalid URL '/data/data/com.termux/files/home/CriticalOS-MathCode/seed.json': No scheme supplied. Perhaps you meant https:///data/data/com.termux/files/home/CriticalOS-MathCode/seed.json?
FAILED TO INHALE SOUL: Invalid URL '/data/data/com.termux/files/home/CriticalOS-MathCode/seed.json': No scheme supplied. Perhaps you meant https:///data/data/com.termux/files/home/CriticalOS-MathCode/seed.json?
--- [LAYER_4] SOVEREIGN SOUL INHALED ---
{
  "owner": "Phillip_NelFx",
  "live_timestamp": "2026-01-04T11:05:12.035247Z",
  "input_message": "Restored to Stable State",
  "module_status": "REFINED_DIRECTIVE_ACTIVE",
  "short_validated_output": "Kernel Identity: MATHCODE_SOVEREIGN_KERNEL (Verified)"
}
